<?xml version="1.0" encoding="UTF-8"?>
<testng-results skipped="0" failed="0" total="1" passed="1">
  <reporter-output>
  </reporter-output>
  <suite name="Default suite" duration-ms="111" started-at="2017-09-06T09:38:54Z" finished-at="2017-09-06T09:38:54Z">
    <groups>
    </groups>
    <test name="Default test" duration-ms="111" started-at="2017-09-06T09:38:54Z" finished-at="2017-09-06T09:38:54Z">
      <class name="abc">
        <test-method status="PASS" signature="maincase([Ljava.lang.String;)[pri:0, instance:abc@6a024a67]" name="maincase" duration-ms="16" started-at="2017-09-06T15:08:54Z" data-provider="Prateek1" finished-at="2017-09-06T15:08:54Z">
          <params>
            <param index="0">
              <value>
                <![CDATA[[Ljava.lang.String;@42dafa95]]>
              </value>
            </param>
          </params>
          <reporter-output>
          </reporter-output>
        </test-method> <!-- maincase -->
      </class> <!-- abc -->
    </test> <!-- Default test -->
  </suite> <!-- Default suite -->
</testng-results>
